c:\users\kosa\source\repos\network_1_ethernetheader\network_1_ethernetheader\x64\debug\vc143.pdb
c:\users\kosa\source\repos\network_1_ethernetheader\network_1_ethernetheader\x64\debug\vc143.idb
c:\users\kosa\source\repos\network_1_ethernetheader\network_1_ethernetheader\x64\debug\ethernetsample.obj
c:\users\kosa\source\repos\network_1_ethernetheader\network_1_ethernetheader\x64\debug\network_1_ethernetheader.ilk
c:\users\kosa\source\repos\network_1_ethernetheader\x64\debug\network_1_ethernetheader.pdb
c:\users\kosa\source\repos\network_1_ethernetheader\network_1_ethernetheader\x64\debug\network_.bf6c821a.tlog\cl.command.1.tlog
c:\users\kosa\source\repos\network_1_ethernetheader\network_1_ethernetheader\x64\debug\network_.bf6c821a.tlog\cl.items.tlog
c:\users\kosa\source\repos\network_1_ethernetheader\network_1_ethernetheader\x64\debug\network_.bf6c821a.tlog\cl.read.1.tlog
c:\users\kosa\source\repos\network_1_ethernetheader\network_1_ethernetheader\x64\debug\network_.bf6c821a.tlog\cl.write.1.tlog
c:\users\kosa\source\repos\network_1_ethernetheader\network_1_ethernetheader\x64\debug\network_.bf6c821a.tlog\link.23152-cvtres.read.1.tlog
c:\users\kosa\source\repos\network_1_ethernetheader\network_1_ethernetheader\x64\debug\network_.bf6c821a.tlog\link.23152-cvtres.write.1.tlog
c:\users\kosa\source\repos\network_1_ethernetheader\network_1_ethernetheader\x64\debug\network_.bf6c821a.tlog\link.23152-rc.read.1.tlog
c:\users\kosa\source\repos\network_1_ethernetheader\network_1_ethernetheader\x64\debug\network_.bf6c821a.tlog\link.23152-rc.write.1.tlog
c:\users\kosa\source\repos\network_1_ethernetheader\network_1_ethernetheader\x64\debug\network_.bf6c821a.tlog\link.23152.read.1.tlog
c:\users\kosa\source\repos\network_1_ethernetheader\network_1_ethernetheader\x64\debug\network_.bf6c821a.tlog\link.23152.read.2.tlog
c:\users\kosa\source\repos\network_1_ethernetheader\network_1_ethernetheader\x64\debug\network_.bf6c821a.tlog\link.23152.write.1.tlog
c:\users\kosa\source\repos\network_1_ethernetheader\network_1_ethernetheader\x64\debug\network_.bf6c821a.tlog\link.command.1.tlog
c:\users\kosa\source\repos\network_1_ethernetheader\network_1_ethernetheader\x64\debug\network_.bf6c821a.tlog\link.read.1.tlog
c:\users\kosa\source\repos\network_1_ethernetheader\network_1_ethernetheader\x64\debug\network_.bf6c821a.tlog\link.secondary.1.tlog
c:\users\kosa\source\repos\network_1_ethernetheader\network_1_ethernetheader\x64\debug\network_.bf6c821a.tlog\link.write.1.tlog
